<?xml version="1.0" encoding="UTF-8"?>
<testsuite xmlns:xsi="http://www.w3.org/2001/XMLSchema-instance" xsi:noNamespaceSchemaLocation="https://maven.apache.org/surefire/maven-surefire-plugin/xsd/surefire-test-report.xsd" name="geektime.spring.data.simplejdbcdemo.SimpleJdbcDemoApplicationTests" time="3.201" tests="1" errors="0" skipped="0" failures="0">
  <properties>
    <property name="sun.desktop" value="windows"/>
    <property name="awt.toolkit" value="sun.awt.windows.WToolkit"/>
    <property name="file.encoding.pkg" value="sun.io"/>
    <property name="java.specification.version" value="1.8"/>
    <property name="sun.cpu.isalist" value="amd64"/>
    <property name="sun.jnu.encoding" value="GBK"/>
    <property name="java.class.path" value="D:\Code Review\idea-workspace\geektime-spring-family\simple-jdbc-demo\target\test-classes;D:\Code Review\idea-workspace\geektime-spring-family\simple-jdbc-demo\target\classes;D:\Program Files\Apache\Maven_Repository\org\springframework\boot\spring-boot-starter-jdbc\2.1.2.RELEASE\spring-boot-starter-jdbc-2.1.2.RELEASE.jar;D:\Program Files\Apache\Maven_Repository\org\springframework\boot\spring-boot-starter\2.1.2.RELEASE\spring-boot-starter-2.1.2.RELEASE.jar;D:\Program Files\Apache\Maven_Repository\org\springframework\boot\spring-boot\2.1.2.RELEASE\spring-boot-2.1.2.RELEASE.jar;D:\Program Files\Apache\Maven_Repository\org\springframework\spring-context\5.1.4.RELEASE\spring-context-5.1.4.RELEASE.jar;D:\Program Files\Apache\Maven_Repository\org\springframework\spring-aop\5.1.4.RELEASE\spring-aop-5.1.4.RELEASE.jar;D:\Program Files\Apache\Maven_Repository\org\springframework\spring-expression\5.1.4.RELEASE\spring-expression-5.1.4.RELEASE.jar;D:\Program Files\Apache\Maven_Repository\org\springframework\boot\spring-boot-autoconfigure\2.1.2.RELEASE\spring-boot-autoconfigure-2.1.2.RELEASE.jar;D:\Program Files\Apache\Maven_Repository\org\springframework\boot\spring-boot-starter-logging\2.1.2.RELEASE\spring-boot-starter-logging-2.1.2.RELEASE.jar;D:\Program Files\Apache\Maven_Repository\ch\qos\logback\logback-classic\1.2.3\logback-classic-1.2.3.jar;D:\Program Files\Apache\Maven_Repository\ch\qos\logback\logback-core\1.2.3\logback-core-1.2.3.jar;D:\Program Files\Apache\Maven_Repository\org\apache\logging\log4j\log4j-to-slf4j\2.11.1\log4j-to-slf4j-2.11.1.jar;D:\Program Files\Apache\Maven_Repository\org\apache\logging\log4j\log4j-api\2.11.1\log4j-api-2.11.1.jar;D:\Program Files\Apache\Maven_Repository\org\slf4j\jul-to-slf4j\1.7.25\jul-to-slf4j-1.7.25.jar;D:\Program Files\Apache\Maven_Repository\javax\annotation\javax.annotation-api\1.3.2\javax.annotation-api-1.3.2.jar;D:\Program Files\Apache\Maven_Repository\org\yaml\snakeyaml\1.23\snakeyaml-1.23.jar;D:\Program Files\Apache\Maven_Repository\com\zaxxer\HikariCP\3.2.0\HikariCP-3.2.0.jar;D:\Program Files\Apache\Maven_Repository\org\slf4j\slf4j-api\1.7.25\slf4j-api-1.7.25.jar;D:\Program Files\Apache\Maven_Repository\org\springframework\spring-jdbc\5.1.4.RELEASE\spring-jdbc-5.1.4.RELEASE.jar;D:\Program Files\Apache\Maven_Repository\org\springframework\spring-beans\5.1.4.RELEASE\spring-beans-5.1.4.RELEASE.jar;D:\Program Files\Apache\Maven_Repository\org\springframework\spring-tx\5.1.4.RELEASE\spring-tx-5.1.4.RELEASE.jar;D:\Program Files\Apache\Maven_Repository\com\h2database\h2\1.4.197\h2-1.4.197.jar;D:\Program Files\Apache\Maven_Repository\org\projectlombok\lombok\1.18.4\lombok-1.18.4.jar;D:\Program Files\Apache\Maven_Repository\org\springframework\boot\spring-boot-starter-test\2.1.2.RELEASE\spring-boot-starter-test-2.1.2.RELEASE.jar;D:\Program Files\Apache\Maven_Repository\org\springframework\boot\spring-boot-test\2.1.2.RELEASE\spring-boot-test-2.1.2.RELEASE.jar;D:\Program Files\Apache\Maven_Repository\org\springframework\boot\spring-boot-test-autoconfigure\2.1.2.RELEASE\spring-boot-test-autoconfigure-2.1.2.RELEASE.jar;D:\Program Files\Apache\Maven_Repository\com\jayway\jsonpath\json-path\2.4.0\json-path-2.4.0.jar;D:\Program Files\Apache\Maven_Repository\net\minidev\json-smart\2.3\json-smart-2.3.jar;D:\Program Files\Apache\Maven_Repository\net\minidev\accessors-smart\1.2\accessors-smart-1.2.jar;D:\Program Files\Apache\Maven_Repository\org\ow2\asm\asm\5.0.4\asm-5.0.4.jar;D:\Program Files\Apache\Maven_Repository\junit\junit\4.12\junit-4.12.jar;D:\Program Files\Apache\Maven_Repository\org\assertj\assertj-core\3.11.1\assertj-core-3.11.1.jar;D:\Program Files\Apache\Maven_Repository\org\mockito\mockito-core\2.23.4\mockito-core-2.23.4.jar;D:\Program Files\Apache\Maven_Repository\net\bytebuddy\byte-buddy\1.9.7\byte-buddy-1.9.7.jar;D:\Program Files\Apache\Maven_Repository\net\bytebuddy\byte-buddy-agent\1.9.7\byte-buddy-agent-1.9.7.jar;D:\Program Files\Apache\Maven_Repository\org\objenesis\objenesis\2.6\objenesis-2.6.jar;D:\Program Files\Apache\Maven_Repository\org\hamcrest\hamcrest-core\1.3\hamcrest-core-1.3.jar;D:\Program Files\Apache\Maven_Repository\org\hamcrest\hamcrest-library\1.3\hamcrest-library-1.3.jar;D:\Program Files\Apache\Maven_Repository\org\skyscreamer\jsonassert\1.5.0\jsonassert-1.5.0.jar;D:\Program Files\Apache\Maven_Repository\com\vaadin\external\google\android-json\0.0.20131108.vaadin1\android-json-0.0.20131108.vaadin1.jar;D:\Program Files\Apache\Maven_Repository\org\springframework\spring-core\5.1.4.RELEASE\spring-core-5.1.4.RELEASE.jar;D:\Program Files\Apache\Maven_Repository\org\springframework\spring-jcl\5.1.4.RELEASE\spring-jcl-5.1.4.RELEASE.jar;D:\Program Files\Apache\Maven_Repository\org\springframework\spring-test\5.1.4.RELEASE\spring-test-5.1.4.RELEASE.jar;D:\Program Files\Apache\Maven_Repository\org\xmlunit\xmlunit-core\2.6.2\xmlunit-core-2.6.2.jar;"/>
    <property name="java.vm.vendor" value="Oracle Corporation"/>
    <property name="sun.arch.data.model" value="64"/>
    <property name="user.variant" value=""/>
    <property name="java.vendor.url" value="http://java.oracle.com/"/>
    <property name="user.timezone" value="Asia/Shanghai"/>
    <property name="java.vm.specification.version" value="1.8"/>
    <property name="os.name" value="Windows 10"/>
    <property name="user.country" value="CN"/>
    <property name="sun.java.launcher" value="SUN_STANDARD"/>
    <property name="sun.boot.library.path" value="D:\Program Files\Java\jdk1.8.0_191\jre\bin"/>
    <property name="sun.java.command" value="C:\Users\Raven\AppData\Local\Temp\surefire4925879600011826326\surefirebooter4132226641916076005.jar C:\Users\Raven\AppData\Local\Temp\surefire4925879600011826326 2019-04-08T10-14-54_275-jvmRun1 surefire2587496895582415738tmp surefire_06140024126409492938tmp"/>
    <property name="surefire.test.class.path" value="D:\Code Review\idea-workspace\geektime-spring-family\simple-jdbc-demo\target\test-classes;D:\Code Review\idea-workspace\geektime-spring-family\simple-jdbc-demo\target\classes;D:\Program Files\Apache\Maven_Repository\org\springframework\boot\spring-boot-starter-jdbc\2.1.2.RELEASE\spring-boot-starter-jdbc-2.1.2.RELEASE.jar;D:\Program Files\Apache\Maven_Repository\org\springframework\boot\spring-boot-starter\2.1.2.RELEASE\spring-boot-starter-2.1.2.RELEASE.jar;D:\Program Files\Apache\Maven_Repository\org\springframework\boot\spring-boot\2.1.2.RELEASE\spring-boot-2.1.2.RELEASE.jar;D:\Program Files\Apache\Maven_Repository\org\springframework\spring-context\5.1.4.RELEASE\spring-context-5.1.4.RELEASE.jar;D:\Program Files\Apache\Maven_Repository\org\springframework\spring-aop\5.1.4.RELEASE\spring-aop-5.1.4.RELEASE.jar;D:\Program Files\Apache\Maven_Repository\org\springframework\spring-expression\5.1.4.RELEASE\spring-expression-5.1.4.RELEASE.jar;D:\Program Files\Apache\Maven_Repository\org\springframework\boot\spring-boot-autoconfigure\2.1.2.RELEASE\spring-boot-autoconfigure-2.1.2.RELEASE.jar;D:\Program Files\Apache\Maven_Repository\org\springframework\boot\spring-boot-starter-logging\2.1.2.RELEASE\spring-boot-starter-logging-2.1.2.RELEASE.jar;D:\Program Files\Apache\Maven_Repository\ch\qos\logback\logback-classic\1.2.3\logback-classic-1.2.3.jar;D:\Program Files\Apache\Maven_Repository\ch\qos\logback\logback-core\1.2.3\logback-core-1.2.3.jar;D:\Program Files\Apache\Maven_Repository\org\apache\logging\log4j\log4j-to-slf4j\2.11.1\log4j-to-slf4j-2.11.1.jar;D:\Program Files\Apache\Maven_Repository\org\apache\logging\log4j\log4j-api\2.11.1\log4j-api-2.11.1.jar;D:\Program Files\Apache\Maven_Repository\org\slf4j\jul-to-slf4j\1.7.25\jul-to-slf4j-1.7.25.jar;D:\Program Files\Apache\Maven_Repository\javax\annotation\javax.annotation-api\1.3.2\javax.annotation-api-1.3.2.jar;D:\Program Files\Apache\Maven_Repository\org\yaml\snakeyaml\1.23\snakeyaml-1.23.jar;D:\Program Files\Apache\Maven_Repository\com\zaxxer\HikariCP\3.2.0\HikariCP-3.2.0.jar;D:\Program Files\Apache\Maven_Repository\org\slf4j\slf4j-api\1.7.25\slf4j-api-1.7.25.jar;D:\Program Files\Apache\Maven_Repository\org\springframework\spring-jdbc\5.1.4.RELEASE\spring-jdbc-5.1.4.RELEASE.jar;D:\Program Files\Apache\Maven_Repository\org\springframework\spring-beans\5.1.4.RELEASE\spring-beans-5.1.4.RELEASE.jar;D:\Program Files\Apache\Maven_Repository\org\springframework\spring-tx\5.1.4.RELEASE\spring-tx-5.1.4.RELEASE.jar;D:\Program Files\Apache\Maven_Repository\com\h2database\h2\1.4.197\h2-1.4.197.jar;D:\Program Files\Apache\Maven_Repository\org\projectlombok\lombok\1.18.4\lombok-1.18.4.jar;D:\Program Files\Apache\Maven_Repository\org\springframework\boot\spring-boot-starter-test\2.1.2.RELEASE\spring-boot-starter-test-2.1.2.RELEASE.jar;D:\Program Files\Apache\Maven_Repository\org\springframework\boot\spring-boot-test\2.1.2.RELEASE\spring-boot-test-2.1.2.RELEASE.jar;D:\Program Files\Apache\Maven_Repository\org\springframework\boot\spring-boot-test-autoconfigure\2.1.2.RELEASE\spring-boot-test-autoconfigure-2.1.2.RELEASE.jar;D:\Program Files\Apache\Maven_Repository\com\jayway\jsonpath\json-path\2.4.0\json-path-2.4.0.jar;D:\Program Files\Apache\Maven_Repository\net\minidev\json-smart\2.3\json-smart-2.3.jar;D:\Program Files\Apache\Maven_Repository\net\minidev\accessors-smart\1.2\accessors-smart-1.2.jar;D:\Program Files\Apache\Maven_Repository\org\ow2\asm\asm\5.0.4\asm-5.0.4.jar;D:\Program Files\Apache\Maven_Repository\junit\junit\4.12\junit-4.12.jar;D:\Program Files\Apache\Maven_Repository\org\assertj\assertj-core\3.11.1\assertj-core-3.11.1.jar;D:\Program Files\Apache\Maven_Repository\org\mockito\mockito-core\2.23.4\mockito-core-2.23.4.jar;D:\Program Files\Apache\Maven_Repository\net\bytebuddy\byte-buddy\1.9.7\byte-buddy-1.9.7.jar;D:\Program Files\Apache\Maven_Repository\net\bytebuddy\byte-buddy-agent\1.9.7\byte-buddy-agent-1.9.7.jar;D:\Program Files\Apache\Maven_Repository\org\objenesis\objenesis\2.6\objenesis-2.6.jar;D:\Program Files\Apache\Maven_Repository\org\hamcrest\hamcrest-core\1.3\hamcrest-core-1.3.jar;D:\Program Files\Apache\Maven_Repository\org\hamcrest\hamcrest-library\1.3\hamcrest-library-1.3.jar;D:\Program Files\Apache\Maven_Repository\org\skyscreamer\jsonassert\1.5.0\jsonassert-1.5.0.jar;D:\Program Files\Apache\Maven_Repository\com\vaadin\external\google\android-json\0.0.20131108.vaadin1\android-json-0.0.20131108.vaadin1.jar;D:\Program Files\Apache\Maven_Repository\org\springframework\spring-core\5.1.4.RELEASE\spring-core-5.1.4.RELEASE.jar;D:\Program Files\Apache\Maven_Repository\org\springframework\spring-jcl\5.1.4.RELEASE\spring-jcl-5.1.4.RELEASE.jar;D:\Program Files\Apache\Maven_Repository\org\springframework\spring-test\5.1.4.RELEASE\spring-test-5.1.4.RELEASE.jar;D:\Program Files\Apache\Maven_Repository\org\xmlunit\xmlunit-core\2.6.2\xmlunit-core-2.6.2.jar;"/>
    <property name="sun.cpu.endian" value="little"/>
    <property name="user.home" value="C:\Users\Raven"/>
    <property name="user.language" value="zh"/>
    <property name="java.specification.vendor" value="Oracle Corporation"/>
    <property name="java.home" value="D:\Program Files\Java\jdk1.8.0_191\jre"/>
    <property name="basedir" value="D:\Code Review\idea-workspace\geektime-spring-family\simple-jdbc-demo"/>
    <property name="file.separator" value="\"/>
    <property name="line.separator" value="&#10;"/>
    <property name="java.vm.specification.vendor" value="Oracle Corporation"/>
    <property name="java.specification.name" value="Java Platform API Specification"/>
    <property name="java.awt.graphicsenv" value="sun.awt.Win32GraphicsEnvironment"/>
    <property name="surefire.real.class.path" value="C:\Users\Raven\AppData\Local\Temp\surefire4925879600011826326\surefirebooter4132226641916076005.jar"/>
    <property name="sun.boot.class.path" value="D:\Program Files\Java\jdk1.8.0_191\jre\lib\resources.jar;D:\Program Files\Java\jdk1.8.0_191\jre\lib\rt.jar;D:\Program Files\Java\jdk1.8.0_191\jre\lib\sunrsasign.jar;D:\Program Files\Java\jdk1.8.0_191\jre\lib\jsse.jar;D:\Program Files\Java\jdk1.8.0_191\jre\lib\jce.jar;D:\Program Files\Java\jdk1.8.0_191\jre\lib\charsets.jar;D:\Program Files\Java\jdk1.8.0_191\jre\lib\jfr.jar;D:\Program Files\Java\jdk1.8.0_191\jre\classes"/>
    <property name="user.script" value=""/>
    <property name="sun.management.compiler" value="HotSpot 64-Bit Tiered Compilers"/>
    <property name="java.runtime.version" value="1.8.0_191-b12"/>
    <property name="user.name" value="Raven"/>
    <property name="path.separator" value=";"/>
    <property name="os.version" value="10.0"/>
    <property name="java.endorsed.dirs" value="D:\Program Files\Java\jdk1.8.0_191\jre\lib\endorsed"/>
    <property name="java.runtime.name" value="Java(TM) SE Runtime Environment"/>
    <property name="file.encoding" value="GBK"/>
    <property name="java.vm.name" value="Java HotSpot(TM) 64-Bit Server VM"/>
    <property name="localRepository" value="D:\Program Files\Apache\Maven_Repository"/>
    <property name="java.vendor.url.bug" value="http://bugreport.sun.com/bugreport/"/>
    <property name="java.io.tmpdir" value="C:\Users\Raven\AppData\Local\Temp\"/>
    <property name="idea.version" value="2018.3.6"/>
    <property name="java.version" value="1.8.0_191"/>
    <property name="user.dir" value="D:\Code Review\idea-workspace\geektime-spring-family\simple-jdbc-demo"/>
    <property name="os.arch" value="amd64"/>
    <property name="java.vm.specification.name" value="Java Virtual Machine Specification"/>
    <property name="java.awt.printerjob" value="sun.awt.windows.WPrinterJob"/>
    <property name="sun.os.patch.level" value=""/>
    <property name="java.library.path" value="D:\Program Files\Java\jdk1.8.0_191\jre\bin;C:\WINDOWS\Sun\Java\bin;C:\WINDOWS\system32;C:\WINDOWS;C:\Program Files (x86)\Common Files\Oracle\Java\javapath;C:\WINDOWS\system32;C:\WINDOWS;C:\WINDOWS\System32\Wbem;C:\WINDOWS\System32\WindowsPowerShell\v1.0\;C:\Program Files\Intel\WiFi\bin\;C:\Program Files\Common Files\Intel\WirelessCommon\;D:\Program Files\Apache\maven\apache-maven-3.6.0\bin\;D:\Program Files\Git\cmd;D:\Program Files\MySQL\mysql-5.7.24-winx64\bin;C:\WINDOWS\System32\OpenSSH\;D:\Program Files\Apache\tomcat\apache-tomcat-7.0.85\bin;D:\Program Files\Java\jdk1.8.0_191\lib\dt.jar;D:\Program Files\Java\jdk1.8.0_191\lib\tools.jar;D:\Program Files\Java\jdk1.8.0_191\bin;D:\Program Files\Java\jre1.8.0_191\bin;C:\Program Files (x86)\Intel\Intel(R) Management Engine Components\DAL;C:\Program Files\Intel\Intel(R) Management Engine Components\DAL;D:\Program Files\nodejs;D:\Programs\Python\Python37\Scripts\;D:\Programs\Python\Python37\;C:\Users\Raven\AppData\Local\Microsoft\WindowsApps;D:\Programs\Microsoft VS Code\bin;C:\Users\Raven\AppData\Roaming\npm;D:\Program Files\nodejs\;;D:\Program Files (x86)\Fiddler2;."/>
    <property name="java.vm.info" value="mixed mode"/>
    <property name="java.vendor" value="Oracle Corporation"/>
    <property name="java.vm.version" value="25.191-b12"/>
    <property name="java.ext.dirs" value="D:\Program Files\Java\jdk1.8.0_191\jre\lib\ext;C:\WINDOWS\Sun\Java\lib\ext"/>
    <property name="sun.io.unicode.encoding" value="UnicodeLittle"/>
    <property name="maven.repo.local" value="D:\Program Files\Apache\Maven_Repository"/>
    <property name="java.class.version" value="52.0"/>
  </properties>
  <testcase name="contextLoads" classname="geektime.spring.data.simplejdbcdemo.SimpleJdbcDemoApplicationTests" time="0.249"/>
</testsuite>